run_id=dung-after-final
event_json={"ts": "2026-04-15T08:23:05.937606+00:00", "level": "INFO", "task_id": "D10-T00", "owner": "Hoang Kim Tri Thanh", "event": "run_start", "message": "run_id=dung-after-final"}
raw_records=10
event_json={"ts": "2026-04-15T08:23:05.938131+00:00", "level": "INFO", "task_id": "D10-T01", "owner": "Dang Dinh Tu Anh", "event": "ingest_raw_count", "message": "raw_records=10"}
cleaned_records=4
event_json={"ts": "2026-04-15T08:23:05.939524+00:00", "level": "INFO", "task_id": "D10-T02", "owner": "Quach Gia Duoc", "event": "cleaned_count", "message": "cleaned_records=4"}
quarantine_records=6
event_json={"ts": "2026-04-15T08:23:05.939890+00:00", "level": "INFO", "task_id": "D10-T02", "owner": "Quach Gia Duoc", "event": "quarantine_count", "message": "quarantine_records=6"}
cleaned_csv=artifacts\cleaned\cleaned_dung-after-final.csv
event_json={"ts": "2026-04-15T08:23:05.940426+00:00", "level": "INFO", "task_id": "D10-T02", "owner": "Quach Gia Duoc", "event": "cleaned_path", "message": "cleaned_csv=artifacts\\cleaned\\cleaned_dung-after-final.csv"}
quarantine_csv=artifacts\quarantine\quarantine_dung-after-final.csv
event_json={"ts": "2026-04-15T08:23:05.940851+00:00", "level": "INFO", "task_id": "D10-T02", "owner": "Quach Gia Duoc", "event": "quarantine_path", "message": "quarantine_csv=artifacts\\quarantine\\quarantine_dung-after-final.csv"}
expectation[min_one_row] OK (halt) :: cleaned_rows=4
event_json={"ts": "2026-04-15T08:23:05.941263+00:00", "level": "INFO", "task_id": "D10-T03", "owner": "Pham Quoc Dung", "event": "expectation_result", "message": "expectation[min_one_row] OK (halt) :: cleaned_rows=4"}
expectation[no_empty_doc_id] OK (halt) :: empty_doc_id_count=0
event_json={"ts": "2026-04-15T08:23:05.941602+00:00", "level": "INFO", "task_id": "D10-T03", "owner": "Pham Quoc Dung", "event": "expectation_result", "message": "expectation[no_empty_doc_id] OK (halt) :: empty_doc_id_count=0"}
expectation[refund_no_stale_14d_window] OK (halt) :: violations=0
event_json={"ts": "2026-04-15T08:23:05.941965+00:00", "level": "INFO", "task_id": "D10-T03", "owner": "Pham Quoc Dung", "event": "expectation_result", "message": "expectation[refund_no_stale_14d_window] OK (halt) :: violations=0"}
expectation[chunk_min_length_8] OK (warn) :: short_chunks=0
event_json={"ts": "2026-04-15T08:23:05.942342+00:00", "level": "INFO", "task_id": "D10-T03", "owner": "Pham Quoc Dung", "event": "expectation_result", "message": "expectation[chunk_min_length_8] OK (warn) :: short_chunks=0"}
expectation[effective_date_iso_yyyy_mm_dd] OK (halt) :: non_iso_rows=0
event_json={"ts": "2026-04-15T08:23:05.942827+00:00", "level": "INFO", "task_id": "D10-T03", "owner": "Pham Quoc Dung", "event": "expectation_result", "message": "expectation[effective_date_iso_yyyy_mm_dd] OK (halt) :: non_iso_rows=0"}
expectation[hr_leave_no_stale_10d_annual] OK (halt) :: violations=0
event_json={"ts": "2026-04-15T08:23:05.943278+00:00", "level": "INFO", "task_id": "D10-T03", "owner": "Pham Quoc Dung", "event": "expectation_result", "message": "expectation[hr_leave_no_stale_10d_annual] OK (halt) :: violations=0"}
embed_prune_removed=4
event_json={"ts": "2026-04-15T08:23:18.098076+00:00", "level": "INFO", "task_id": "D10-T05", "owner": "Hoang Kim Tri Thanh", "event": "embed_prune_removed", "message": "embed_prune_removed=4"}
embed_upsert count=4 collection=day10_kb
event_json={"ts": "2026-04-15T08:23:18.144893+00:00", "level": "INFO", "task_id": "D10-T05", "owner": "Hoang Kim Tri Thanh", "event": "embed_upsert", "message": "embed_upsert count=4 collection=day10_kb"}
manifest_written=artifacts\manifests\manifest_dung-after-final.json
event_json={"ts": "2026-04-15T08:23:18.145993+00:00", "level": "INFO", "task_id": "D10-T05", "owner": "Hoang Kim Tri Thanh", "event": "manifest_written", "message": "manifest_written=artifacts\\manifests\\manifest_dung-after-final.json"}
freshness_check=FAIL {"latest_exported_at": "2026-04-10T08:00:00", "age_hours": 120.388, "sla_hours": 24.0, "reason": "freshness_sla_exceeded"}
event_json={"ts": "2026-04-15T08:23:18.152407+00:00", "level": "ERROR", "task_id": "D10-T05", "owner": "Hoang Kim Tri Thanh", "event": "freshness_check", "message": "freshness_check=FAIL {\"latest_exported_at\": \"2026-04-10T08:00:00\", \"age_hours\": 120.388, \"sla_hours\": 24.0, \"reason\": \"freshness_sla_exceeded\"}"}
PIPELINE_OK
event_json={"ts": "2026-04-15T08:23:18.153008+00:00", "level": "INFO", "task_id": "D10-T00", "owner": "Hoang Kim Tri Thanh", "event": "run_completed", "message": "PIPELINE_OK"}
